<?xml version="1.0" encoding="UTF-8"?>
<!-- Generated by org.testng.reporters.JUnitXMLReporter -->
<testsuite hostname="SEZT1FF153HL" ignored="1" name="Test" tests="3" failures="0" timestamp="2020-01-07T12:25:02 IST" time="48.5" errors="0">
  <testcase name="login" time="5.631" classname="einsteinFramework.ChatBot"/>
  <testcase name="verifyPredictionOpened" time="33.526" classname="einsteinFramework.ChatBot"/>
  <testcase name="verifyChatBotREsponseData" time="1.431" classname="einsteinFramework.ChatBot"/>
  <testcase name="homeVerify" time="0.0" classname="einsteinFramework.ChatBot">
    <ignored/>
  </testcase> <!-- homeVerify -->
</testsuite> <!-- Test -->
