<?xml version="1.0" encoding="UTF-8"?>
<testng-results skipped="0" failed="1" ignored="1" total="11" passed="9">
  <reporter-output>
  </reporter-output>
  <suite name="Default suite" duration-ms="51046" started-at="2020-01-10T12:10:17 IST" finished-at="2020-01-10T12:11:08 IST">
    <groups>
    </groups>
    <test name="Default test" duration-ms="51046" started-at="2020-01-10T12:10:17 IST" finished-at="2020-01-10T12:11:08 IST">
      <class name="einsteinFramework.ChatBotWithApi">
        <test-method status="PASS" signature="beforeTest(org.testng.ITestContext)[pri:0, instance:einsteinFramework.ChatBotWithApi@22fcf7ab]" name="beforeTest" is-config="true" duration-ms="6588" started-at="2020-01-10T12:10:17 IST" finished-at="2020-01-10T12:10:24 IST">
          <params>
            <param index="0">
              <value>
                <![CDATA[org.testng.TestRunner@4bf3798b]]>
              </value>
            </param>
          </params>
          <reporter-output>
          </reporter-output>
        </test-method> <!-- beforeTest -->
        <test-method status="PASS" signature="login()[pri:0, instance:einsteinFramework.ChatBotWithApi@22fcf7ab]" name="login" duration-ms="6403" started-at="2020-01-10T12:10:24 IST" description="Login into application" finished-at="2020-01-10T12:10:30 IST">
          <reporter-output>
          </reporter-output>
        </test-method> <!-- login -->
        <test-method status="PASS" signature="afterMethod()[pri:0, instance:einsteinFramework.ChatBotWithApi@22fcf7ab]" name="afterMethod" is-config="true" duration-ms="0" started-at="2020-01-10T12:10:30 IST" finished-at="2020-01-10T12:10:30 IST">
          <reporter-output>
          </reporter-output>
        </test-method> <!-- afterMethod -->
        <test-method status="PASS" signature="verifyPredictionOpened()[pri:2, instance:einsteinFramework.ChatBotWithApi@22fcf7ab]" name="verifyPredictionOpened" duration-ms="23570" started-at="2020-01-10T12:10:30 IST" description="Verify Prediction open" finished-at="2020-01-10T12:10:54 IST">
          <reporter-output>
          </reporter-output>
        </test-method> <!-- verifyPredictionOpened -->
        <test-method status="PASS" signature="afterMethod()[pri:0, instance:einsteinFramework.ChatBotWithApi@22fcf7ab]" name="afterMethod" is-config="true" duration-ms="1" started-at="2020-01-10T12:10:54 IST" finished-at="2020-01-10T12:10:54 IST">
          <reporter-output>
          </reporter-output>
        </test-method> <!-- afterMethod -->
        <test-method name="verifyChatBotREsponseData" signature="verifyChatBotREsponseData(java.lang.String, java.lang.String, org.testng.ITestContext)[pri:3, instance:einsteinFramework.ChatBotWithApi@22fcf7ab]" status="PASS" duration-ms="1253" finished-at="2020-01-10T12:10:58 IST" started-at="2020-01-10T12:10:57 IST" depends-on-methods="einsteinFramework.ChatBotWithApi.verifyPredictionOpened" data-provider="Authentication" description="Verify chatbot information">
          <params>
            <param index="0">
              <value>
                <![CDATA[do I get sick time]]>
              </value>
            </param>
            <param index="1">
              <value>
                <![CDATA[IUK-000042]]>
              </value>
            </param>
            <param index="2">
              <value>
                <![CDATA[org.testng.TestRunner@4bf3798b]]>
              </value>
            </param>
          </params>
          <reporter-output>
          </reporter-output>
        </test-method> <!-- verifyChatBotREsponseData -->
        <test-method status="PASS" signature="afterMethod()[pri:0, instance:einsteinFramework.ChatBotWithApi@22fcf7ab]" name="afterMethod" is-config="true" duration-ms="0" started-at="2020-01-10T12:10:58 IST" finished-at="2020-01-10T12:10:58 IST">
          <reporter-output>
          </reporter-output>
        </test-method> <!-- afterMethod -->
        <test-method name="verifyChatBotREsponseData" signature="verifyChatBotREsponseData(java.lang.String, java.lang.String, org.testng.ITestContext)[pri:3, instance:einsteinFramework.ChatBotWithApi@22fcf7ab]" status="PASS" duration-ms="1357" finished-at="2020-01-10T12:11:00 IST" started-at="2020-01-10T12:10:58 IST" depends-on-methods="einsteinFramework.ChatBotWithApi.verifyPredictionOpened" data-provider="Authentication" description="Verify chatbot information">
          <params>
            <param index="0">
              <value>
                <![CDATA[Do I get sick time as a salary employee]]>
              </value>
            </param>
            <param index="1">
              <value>
                <![CDATA[IUK-000042]]>
              </value>
            </param>
            <param index="2">
              <value>
                <![CDATA[org.testng.TestRunner@4bf3798b]]>
              </value>
            </param>
          </params>
          <reporter-output>
          </reporter-output>
        </test-method> <!-- verifyChatBotREsponseData -->
        <test-method status="PASS" signature="afterMethod()[pri:0, instance:einsteinFramework.ChatBotWithApi@22fcf7ab]" name="afterMethod" is-config="true" duration-ms="0" started-at="2020-01-10T12:11:00 IST" finished-at="2020-01-10T12:11:00 IST">
          <reporter-output>
          </reporter-output>
        </test-method> <!-- afterMethod -->
        <test-method name="verifyChatBotREsponseData" signature="verifyChatBotREsponseData(java.lang.String, java.lang.String, org.testng.ITestContext)[pri:3, instance:einsteinFramework.ChatBotWithApi@22fcf7ab]" status="PASS" duration-ms="1386" finished-at="2020-01-10T12:11:01 IST" started-at="2020-01-10T12:11:00 IST" depends-on-methods="einsteinFramework.ChatBotWithApi.verifyPredictionOpened" data-provider="Authentication" description="Verify chatbot information">
          <params>
            <param index="0">
              <value>
                <![CDATA[How much sick time do I earn as a hourly employee]]>
              </value>
            </param>
            <param index="1">
              <value>
                <![CDATA[IUK-000042]]>
              </value>
            </param>
            <param index="2">
              <value>
                <![CDATA[org.testng.TestRunner@4bf3798b]]>
              </value>
            </param>
          </params>
          <reporter-output>
          </reporter-output>
        </test-method> <!-- verifyChatBotREsponseData -->
        <test-method status="PASS" signature="afterMethod()[pri:0, instance:einsteinFramework.ChatBotWithApi@22fcf7ab]" name="afterMethod" is-config="true" duration-ms="0" started-at="2020-01-10T12:11:01 IST" finished-at="2020-01-10T12:11:01 IST">
          <reporter-output>
          </reporter-output>
        </test-method> <!-- afterMethod -->
        <test-method name="verifyChatBotREsponseData" signature="verifyChatBotREsponseData(java.lang.String, java.lang.String, org.testng.ITestContext)[pri:3, instance:einsteinFramework.ChatBotWithApi@22fcf7ab]" status="PASS" duration-ms="1233" finished-at="2020-01-10T12:11:02 IST" started-at="2020-01-10T12:11:01 IST" depends-on-methods="einsteinFramework.ChatBotWithApi.verifyPredictionOpened" data-provider="Authentication" description="Verify chatbot information">
          <params>
            <param index="0">
              <value>
                <![CDATA[Why was I overpaid]]>
              </value>
            </param>
            <param index="1">
              <value>
                <![CDATA[IUK-000386]]>
              </value>
            </param>
            <param index="2">
              <value>
                <![CDATA[org.testng.TestRunner@4bf3798b]]>
              </value>
            </param>
          </params>
          <reporter-output>
          </reporter-output>
        </test-method> <!-- verifyChatBotREsponseData -->
        <test-method name="verifyChatBotREsponseData" signature="verifyChatBotREsponseData(java.lang.String, java.lang.String, org.testng.ITestContext)[pri:3, instance:einsteinFramework.ChatBotWithApi@22fcf7ab]" status="PASS" duration-ms="1281" finished-at="2020-01-10T12:11:04 IST" started-at="2020-01-10T12:11:02 IST" depends-on-methods="einsteinFramework.ChatBotWithApi.verifyPredictionOpened" data-provider="Authentication" description="Verify chatbot information">
          <params>
            <param index="0">
              <value>
                <![CDATA[Do I qualify for long term disability]]>
              </value>
            </param>
            <param index="1">
              <value>
                <![CDATA[IUK-000400]]>
              </value>
            </param>
            <param index="2">
              <value>
                <![CDATA[org.testng.TestRunner@4bf3798b]]>
              </value>
            </param>
          </params>
          <reporter-output>
          </reporter-output>
        </test-method> <!-- verifyChatBotREsponseData -->
        <test-method status="PASS" signature="afterMethod()[pri:0, instance:einsteinFramework.ChatBotWithApi@22fcf7ab]" name="afterMethod" is-config="true" duration-ms="0" started-at="2020-01-10T12:11:02 IST" finished-at="2020-01-10T12:11:02 IST">
          <reporter-output>
          </reporter-output>
        </test-method> <!-- afterMethod -->
        <test-method name="verifyChatBotREsponseData" signature="verifyChatBotREsponseData(java.lang.String, java.lang.String, org.testng.ITestContext)[pri:3, instance:einsteinFramework.ChatBotWithApi@22fcf7ab]" status="PASS" duration-ms="1251" finished-at="2020-01-10T12:11:05 IST" started-at="2020-01-10T12:11:04 IST" depends-on-methods="einsteinFramework.ChatBotWithApi.verifyPredictionOpened" data-provider="Authentication" description="Verify chatbot information">
          <params>
            <param index="0">
              <value>
                <![CDATA[How do I submit my time off]]>
              </value>
            </param>
            <param index="1">
              <value>
                <![CDATA[IUK-000484]]>
              </value>
            </param>
            <param index="2">
              <value>
                <![CDATA[org.testng.TestRunner@4bf3798b]]>
              </value>
            </param>
          </params>
          <reporter-output>
          </reporter-output>
        </test-method> <!-- verifyChatBotREsponseData -->
        <test-method status="PASS" signature="afterMethod()[pri:0, instance:einsteinFramework.ChatBotWithApi@22fcf7ab]" name="afterMethod" is-config="true" duration-ms="0" started-at="2020-01-10T12:11:04 IST" finished-at="2020-01-10T12:11:04 IST">
          <reporter-output>
          </reporter-output>
        </test-method> <!-- afterMethod -->
        <test-method name="verifyChatBotREsponseData" signature="verifyChatBotREsponseData(java.lang.String, java.lang.String, org.testng.ITestContext)[pri:3, instance:einsteinFramework.ChatBotWithApi@22fcf7ab]" status="PASS" duration-ms="1242" finished-at="2020-01-10T12:11:06 IST" started-at="2020-01-10T12:11:05 IST" depends-on-methods="einsteinFramework.ChatBotWithApi.verifyPredictionOpened" data-provider="Authentication" description="Verify chatbot information">
          <params>
            <param index="0">
              <value>
                <![CDATA[how do I submit my timeoff]]>
              </value>
            </param>
            <param index="1">
              <value>
                <![CDATA[IUK-000484]]>
              </value>
            </param>
            <param index="2">
              <value>
                <![CDATA[org.testng.TestRunner@4bf3798b]]>
              </value>
            </param>
          </params>
          <reporter-output>
          </reporter-output>
        </test-method> <!-- verifyChatBotREsponseData -->
        <test-method status="PASS" signature="afterMethod()[pri:0, instance:einsteinFramework.ChatBotWithApi@22fcf7ab]" name="afterMethod" is-config="true" duration-ms="0" started-at="2020-01-10T12:11:05 IST" finished-at="2020-01-10T12:11:05 IST">
          <reporter-output>
          </reporter-output>
        </test-method> <!-- afterMethod -->
        <test-method status="PASS" signature="afterMethod()[pri:0, instance:einsteinFramework.ChatBotWithApi@22fcf7ab]" name="afterMethod" is-config="true" duration-ms="1" started-at="2020-01-10T12:11:06 IST" finished-at="2020-01-10T12:11:06 IST">
          <reporter-output>
          </reporter-output>
        </test-method> <!-- afterMethod -->
        <test-method name="verifyChatBotREsponseData" signature="verifyChatBotREsponseData(java.lang.String, java.lang.String, org.testng.ITestContext)[pri:3, instance:einsteinFramework.ChatBotWithApi@22fcf7ab]" status="FAIL" duration-ms="1250" finished-at="2020-01-10T12:11:07 IST" started-at="2020-01-10T12:11:06 IST" depends-on-methods="einsteinFramework.ChatBotWithApi.verifyPredictionOpened" data-provider="Authentication" description="Verify chatbot information">
          <params>
            <param index="0">
              <value>
                <![CDATA[how do I take sick time]]>
              </value>
            </param>
            <param index="1">
              <value>
                <![CDATA[IUK-000484]]>
              </value>
            </param>
            <param index="2">
              <value>
                <![CDATA[org.testng.TestRunner@4bf3798b]]>
              </value>
            </param>
          </params>
          <exception class="java.lang.AssertionError">
            <message>
              <![CDATA[Response: IUK-000042should be IUK-000484 expected [IUK-000484] but found [IUK-000042]]]>
            </message>
            <full-stacktrace>
              <![CDATA[java.lang.AssertionError: Response: IUK-000042should be IUK-000484 expected [IUK-000484] but found [IUK-000042]
at org.testng.Assert.fail(Assert.java:97)
at org.testng.Assert.assertEqualsImpl(Assert.java:136)
at org.testng.Assert.assertEquals(Assert.java:118)
at org.testng.Assert.assertEquals(Assert.java:575)
at configuration.ConfigurationPageHelper.verifyResponseGrid(ConfigurationPageHelper.java:63)
at einsteinFramework.ChatBotWithApi.verifyChatBotREsponseData(ChatBotWithApi.java:86)
at sun.reflect.NativeMethodAccessorImpl.invoke0(Native Method)
at sun.reflect.NativeMethodAccessorImpl.invoke(NativeMethodAccessorImpl.java:62)
at sun.reflect.DelegatingMethodAccessorImpl.invoke(DelegatingMethodAccessorImpl.java:43)
at java.lang.reflect.Method.invoke(Method.java:498)
at org.testng.internal.MethodInvocationHelper.invokeMethod(MethodInvocationHelper.java:133)
at org.testng.internal.TestInvoker.invokeMethod(TestInvoker.java:584)
at org.testng.internal.TestInvoker.invokeTestMethod(TestInvoker.java:172)
at org.testng.internal.MethodRunner.runInSequence(MethodRunner.java:46)
at org.testng.internal.TestInvoker$MethodInvocationAgent.invoke(TestInvoker.java:804)
at org.testng.internal.TestInvoker.invokeTestMethods(TestInvoker.java:145)
at org.testng.internal.TestMethodWorker.invokeTestMethods(TestMethodWorker.java:146)
at org.testng.internal.TestMethodWorker.run(TestMethodWorker.java:128)
at java.util.ArrayList.forEach(ArrayList.java:1257)
at org.testng.TestRunner.privateRun(TestRunner.java:770)
at org.testng.TestRunner.run(TestRunner.java:591)
at org.testng.SuiteRunner.runTest(SuiteRunner.java:402)
at org.testng.SuiteRunner.runSequentially(SuiteRunner.java:396)
at org.testng.SuiteRunner.privateRun(SuiteRunner.java:355)
at org.testng.SuiteRunner.run(SuiteRunner.java:304)
at org.testng.SuiteRunnerWorker.runSuite(SuiteRunnerWorker.java:53)
at org.testng.SuiteRunnerWorker.run(SuiteRunnerWorker.java:96)
at org.testng.TestNG.runSuitesSequentially(TestNG.java:1180)
at org.testng.TestNG.runSuitesLocally(TestNG.java:1102)
at org.testng.TestNG.runSuites(TestNG.java:1032)
at org.testng.TestNG.run(TestNG.java:1000)
at org.testng.remote.AbstractRemoteTestNG.run(AbstractRemoteTestNG.java:115)
at org.testng.remote.RemoteTestNG.initAndRun(RemoteTestNG.java:251)
at org.testng.remote.RemoteTestNG.main(RemoteTestNG.java:77)
]]>
            </full-stacktrace>
          </exception> <!-- java.lang.AssertionError -->
          <reporter-output>
          </reporter-output>
        </test-method> <!-- verifyChatBotREsponseData -->
        <test-method status="PASS" signature="afterMethod()[pri:0, instance:einsteinFramework.ChatBotWithApi@22fcf7ab]" name="afterMethod" is-config="true" duration-ms="0" started-at="2020-01-10T12:11:07 IST" finished-at="2020-01-10T12:11:07 IST">
          <reporter-output>
          </reporter-output>
        </test-method> <!-- afterMethod -->
        <test-method status="PASS" signature="afterTest()[pri:0, instance:einsteinFramework.ChatBotWithApi@22fcf7ab]" name="afterTest" is-config="true" duration-ms="937" started-at="2020-01-10T12:11:07 IST" finished-at="2020-01-10T12:11:08 IST">
          <reporter-output>
          </reporter-output>
        </test-method> <!-- afterTest -->
      </class> <!-- einsteinFramework.ChatBotWithApi -->
    </test> <!-- Default test -->
  </suite> <!-- Default suite -->
</testng-results>
